<?xml version="1.0" encoding="UTF-8"?>
<testsuite name="Cucumber" time="20.916" tests="4" skipped="0" failures="0" errors="0">
<testcase classname="Skillrary demo app login" name="Login to skillrary demo app with valid credentials" time="3.984">
<system-out><![CDATA[
Given I enter to login page.................................................passed
When I provide valid credentials............................................passed
And I hit on login..........................................................passed
Then I should navigate to home page.........................................passed
]]></system-out>
</testcase>
<testcase classname="Skillrary demo app login" name="Login to skillrary with multiple credentials - Example #1.1" time="2.303">
<system-out><![CDATA[
Given I enter to login page.................................................passed
When I provide admin and admin..............................................passed
And I hit on login..........................................................passed
Then I should navigate to home page.........................................passed
]]></system-out>
</testcase>
<testcase classname="Skillrary demo app login" name="Login to skillrary with multiple credentials - Example #1.2" time="7.285">
<system-out><![CDATA[
Given I enter to login page.................................................passed
When I provide user and user................................................passed
And I hit on login..........................................................passed
Then I should navigate to home page.........................................passed
]]></system-out>
</testcase>
<testcase classname="Skillrary demo app login" name="Login to skillrary with multiple credentials - Example #1.3" time="7.208">
<system-out><![CDATA[
Given I enter to login page.................................................passed
When I provide abcdef and 123456............................................passed
And I hit on login..........................................................passed
Then I should navigate to home page.........................................passed
]]></system-out>
</testcase>
</testsuite>
